{"/mnt/d/Project/frontend-project-46/src/baildTree.js": {"path":"/mnt/d/Project/frontend-project-46/src/baildTree.js","all":false,"statementMap":{"0":{"start":{"line":1,"column":0},"end":{"line":1,"column":23}},"1":{"start":{"line":2,"column":0},"end":{"line":2,"column":0}},"2":{"start":{"line":3,"column":0},"end":{"line":3,"column":37}},"3":{"start":{"line":4,"column":0},"end":{"line":4,"column":59}},"4":{"start":{"line":5,"column":0},"end":{"line":5,"column":27}},"5":{"start":{"line":6,"column":0},"end":{"line":6,"column":19}},"6":{"start":{"line":7,"column":0},"end":{"line":7,"column":61}},"7":{"start":{"line":8,"column":0},"end":{"line":8,"column":90}},"8":{"start":{"line":9,"column":0},"end":{"line":9,"column":7}},"9":{"start":{"line":10,"column":0},"end":{"line":10,"column":31}},"10":{"start":{"line":11,"column":0},"end":{"line":11,"column":63}},"11":{"start":{"line":12,"column":0},"end":{"line":12,"column":7}},"12":{"start":{"line":13,"column":0},"end":{"line":13,"column":31}},"13":{"start":{"line":14,"column":0},"end":{"line":14,"column":65}},"14":{"start":{"line":15,"column":0},"end":{"line":15,"column":7}},"15":{"start":{"line":16,"column":0},"end":{"line":16,"column":0}},"16":{"start":{"line":17,"column":0},"end":{"line":17,"column":40}},"17":{"start":{"line":18,"column":0},"end":{"line":18,"column":16}},"18":{"start":{"line":19,"column":0},"end":{"line":19,"column":20}},"19":{"start":{"line":20,"column":0},"end":{"line":20,"column":26}},"20":{"start":{"line":21,"column":0},"end":{"line":21,"column":33}},"21":{"start":{"line":22,"column":0},"end":{"line":22,"column":34}},"22":{"start":{"line":23,"column":0},"end":{"line":23,"column":10}},"23":{"start":{"line":24,"column":0},"end":{"line":24,"column":7}},"24":{"start":{"line":25,"column":0},"end":{"line":25,"column":65}},"25":{"start":{"line":26,"column":0},"end":{"line":26,"column":7}},"26":{"start":{"line":27,"column":0},"end":{"line":27,"column":34}},"27":{"start":{"line":28,"column":0},"end":{"line":28,"column":2}},"28":{"start":{"line":29,"column":0},"end":{"line":29,"column":0}},"29":{"start":{"line":30,"column":0},"end":{"line":30,"column":25}}},"s":{"0":1,"1":1,"2":1,"3":15,"4":15,"5":15,"6":54,"7":12,"8":12,"9":54,"10":15,"11":15,"12":54,"13":6,"14":6,"15":21,"16":54,"17":12,"18":12,"19":12,"20":12,"21":12,"22":12,"23":12,"24":9,"25":15,"26":15,"27":15,"28":1,"29":1},"branchMap":{"0":{"type":"branch","line":3,"loc":{"start":{"line":3,"column":18},"end":{"line":28,"column":2}},"locations":[{"start":{"line":3,"column":18},"end":{"line":28,"column":2}}]},"1":{"type":"branch","line":6,"loc":{"start":{"line":6,"column":10},"end":{"line":26,"column":5}},"locations":[{"start":{"line":6,"column":10},"end":{"line":26,"column":5}}]},"2":{"type":"branch","line":7,"loc":{"start":{"line":7,"column":32},"end":{"line":7,"column":58}},"locations":[{"start":{"line":7,"column":32},"end":{"line":7,"column":58}}]},"3":{"type":"branch","line":7,"loc":{"start":{"line":7,"column":60},"end":{"line":9,"column":7}},"locations":[{"start":{"line":7,"column":60},"end":{"line":9,"column":7}}]},"4":{"type":"branch","line":9,"loc":{"start":{"line":9,"column":6},"end":{"line":10,"column":30}},"locations":[{"start":{"line":9,"column":6},"end":{"line":10,"column":30}}]},"5":{"type":"branch","line":10,"loc":{"start":{"line":10,"column":30},"end":{"line":12,"column":7}},"locations":[{"start":{"line":10,"column":30},"end":{"line":12,"column":7}}]},"6":{"type":"branch","line":12,"loc":{"start":{"line":12,"column":6},"end":{"line":13,"column":30}},"locations":[{"start":{"line":12,"column":6},"end":{"line":13,"column":30}}]},"7":{"type":"branch","line":13,"loc":{"start":{"line":13,"column":30},"end":{"line":15,"column":7}},"locations":[{"start":{"line":13,"column":30},"end":{"line":15,"column":7}}]},"8":{"type":"branch","line":15,"loc":{"start":{"line":15,"column":6},"end":{"line":17,"column":39}},"locations":[{"start":{"line":15,"column":6},"end":{"line":17,"column":39}}]},"9":{"type":"branch","line":17,"loc":{"start":{"line":17,"column":39},"end":{"line":24,"column":7}},"locations":[{"start":{"line":17,"column":39},"end":{"line":24,"column":7}}]},"10":{"type":"branch","line":24,"loc":{"start":{"line":24,"column":6},"end":{"line":26,"column":5}},"locations":[{"start":{"line":24,"column":6},"end":{"line":26,"column":5}}]}},"b":{"0":[15],"1":[54],"2":[18],"3":[12],"4":[42],"5":[15],"6":[27],"7":[6],"8":[21],"9":[12],"10":[9]},"fnMap":{"0":{"name":"baildTree","decl":{"start":{"line":3,"column":18},"end":{"line":28,"column":2}},"loc":{"start":{"line":3,"column":18},"end":{"line":28,"column":2}},"line":3}},"f":{"0":15}}
,"/mnt/d/Project/frontend-project-46/src/index.js": {"path":"/mnt/d/Project/frontend-project-46/src/index.js","all":false,"statementMap":{"0":{"start":{"line":1,"column":0},"end":{"line":1,"column":20}},"1":{"start":{"line":2,"column":0},"end":{"line":2,"column":39}},"2":{"start":{"line":3,"column":0},"end":{"line":3,"column":46}},"3":{"start":{"line":4,"column":0},"end":{"line":4,"column":33}},"4":{"start":{"line":5,"column":0},"end":{"line":5,"column":0}},"5":{"start":{"line":6,"column":0},"end":{"line":6,"column":62}},"6":{"start":{"line":7,"column":0},"end":{"line":7,"column":40}},"7":{"start":{"line":8,"column":0},"end":{"line":8,"column":40}},"8":{"start":{"line":9,"column":0},"end":{"line":9,"column":0}},"9":{"start":{"line":10,"column":0},"end":{"line":10,"column":65}},"10":{"start":{"line":11,"column":0},"end":{"line":11,"column":65}},"11":{"start":{"line":12,"column":0},"end":{"line":12,"column":0}},"12":{"start":{"line":13,"column":0},"end":{"line":13,"column":39}},"13":{"start":{"line":14,"column":0},"end":{"line":14,"column":33}},"14":{"start":{"line":15,"column":0},"end":{"line":15,"column":2}}},"s":{"0":1,"1":1,"2":1,"3":1,"4":1,"5":1,"6":3,"7":3,"8":3,"9":3,"10":3,"11":3,"12":3,"13":3,"14":3},"branchMap":{"0":{"type":"branch","line":6,"loc":{"start":{"line":6,"column":15},"end":{"line":15,"column":2}},"locations":[{"start":{"line":6,"column":15},"end":{"line":15,"column":2}}]}},"b":{"0":[3]},"fnMap":{"0":{"name":"default","decl":{"start":{"line":6,"column":15},"end":{"line":15,"column":2}},"loc":{"start":{"line":6,"column":15},"end":{"line":15,"column":2}},"line":6}},"f":{"0":3}}
,"/mnt/d/Project/frontend-project-46/src/parser.js": {"path":"/mnt/d/Project/frontend-project-46/src/parser.js","all":false,"statementMap":{"0":{"start":{"line":1,"column":0},"end":{"line":1,"column":24}},"1":{"start":{"line":2,"column":0},"end":{"line":2,"column":24}},"2":{"start":{"line":3,"column":0},"end":{"line":3,"column":0}},"3":{"start":{"line":4,"column":0},"end":{"line":4,"column":26}},"4":{"start":{"line":5,"column":0},"end":{"line":5,"column":36}},"5":{"start":{"line":6,"column":0},"end":{"line":6,"column":19}},"6":{"start":{"line":7,"column":0},"end":{"line":7,"column":17}},"7":{"start":{"line":8,"column":0},"end":{"line":8,"column":24}},"8":{"start":{"line":9,"column":0},"end":{"line":9,"column":16}},"9":{"start":{"line":10,"column":0},"end":{"line":10,"column":24}},"10":{"start":{"line":11,"column":0},"end":{"line":11,"column":17}},"11":{"start":{"line":12,"column":0},"end":{"line":12,"column":24}},"12":{"start":{"line":13,"column":0},"end":{"line":13,"column":12}},"13":{"start":{"line":14,"column":0},"end":{"line":14,"column":17}},"14":{"start":{"line":15,"column":0},"end":{"line":15,"column":3}},"15":{"start":{"line":16,"column":0},"end":{"line":16,"column":2}}},"s":{"0":1,"1":1,"2":1,"3":1,"4":6,"5":6,"6":6,"7":6,"8":6,"9":0,"10":6,"11":0,"12":6,"13":0,"14":6,"15":6},"branchMap":{"0":{"type":"branch","line":4,"loc":{"start":{"line":4,"column":16},"end":{"line":16,"column":2}},"locations":[{"start":{"line":4,"column":16},"end":{"line":16,"column":2}}]},"1":{"type":"branch","line":9,"loc":{"start":{"line":9,"column":4},"end":{"line":10,"column":24}},"locations":[{"start":{"line":9,"column":4},"end":{"line":10,"column":24}}]},"2":{"type":"branch","line":11,"loc":{"start":{"line":11,"column":4},"end":{"line":12,"column":24}},"locations":[{"start":{"line":11,"column":4},"end":{"line":12,"column":24}}]},"3":{"type":"branch","line":13,"loc":{"start":{"line":13,"column":4},"end":{"line":14,"column":17}},"locations":[{"start":{"line":13,"column":4},"end":{"line":14,"column":17}}]}},"b":{"0":[6],"1":[0],"2":[0],"3":[0]},"fnMap":{"0":{"name":"default","decl":{"start":{"line":4,"column":16},"end":{"line":16,"column":2}},"loc":{"start":{"line":4,"column":16},"end":{"line":16,"column":2}},"line":4}},"f":{"0":6}}
,"/mnt/d/Project/frontend-project-46/src/formatters/flatFormatParse.js": {"path":"/mnt/d/Project/frontend-project-46/src/formatters/flatFormatParse.js","all":false,"statementMap":{"0":{"start":{"line":1,"column":0},"end":{"line":1,"column":23}},"1":{"start":{"line":2,"column":0},"end":{"line":2,"column":0}},"2":{"start":{"line":3,"column":0},"end":{"line":3,"column":29}},"3":{"start":{"line":4,"column":0},"end":{"line":4,"column":50}},"4":{"start":{"line":5,"column":0},"end":{"line":5,"column":53}},"5":{"start":{"line":6,"column":0},"end":{"line":6,"column":15}},"6":{"start":{"line":7,"column":0},"end":{"line":7,"column":2}},"7":{"start":{"line":8,"column":0},"end":{"line":8,"column":0}},"8":{"start":{"line":9,"column":0},"end":{"line":9,"column":32}},"9":{"start":{"line":10,"column":0},"end":{"line":10,"column":51}},"10":{"start":{"line":11,"column":0},"end":{"line":11,"column":20}},"11":{"start":{"line":12,"column":0},"end":{"line":12,"column":17}},"12":{"start":{"line":13,"column":0},"end":{"line":13,"column":78}},"13":{"start":{"line":14,"column":0},"end":{"line":14,"column":19}},"14":{"start":{"line":15,"column":0},"end":{"line":15,"column":46}},"15":{"start":{"line":16,"column":0},"end":{"line":16,"column":19}},"16":{"start":{"line":17,"column":0},"end":{"line":17,"column":110}},"17":{"start":{"line":18,"column":0},"end":{"line":18,"column":12}},"18":{"start":{"line":19,"column":0},"end":{"line":19,"column":16}},"19":{"start":{"line":20,"column":0},"end":{"line":20,"column":3}},"20":{"start":{"line":21,"column":0},"end":{"line":21,"column":2}},"21":{"start":{"line":22,"column":0},"end":{"line":22,"column":0}},"22":{"start":{"line":23,"column":0},"end":{"line":23,"column":26}},"23":{"start":{"line":24,"column":0},"end":{"line":24,"column":73}},"24":{"start":{"line":25,"column":0},"end":{"line":25,"column":114}},"25":{"start":{"line":26,"column":0},"end":{"line":26,"column":31}},"26":{"start":{"line":27,"column":0},"end":{"line":27,"column":62}},"27":{"start":{"line":28,"column":0},"end":{"line":28,"column":24}},"28":{"start":{"line":29,"column":0},"end":{"line":29,"column":2}}},"s":{"0":1,"1":1,"2":1,"3":13,"4":13,"5":3,"6":3,"7":1,"8":1,"9":14,"10":14,"11":14,"12":5,"13":14,"14":2,"15":14,"16":4,"17":14,"18":3,"19":14,"20":14,"21":1,"22":1,"23":1,"24":18,"25":18,"26":1,"27":1,"28":1},"branchMap":{"0":{"type":"branch","line":3,"loc":{"start":{"line":3,"column":18},"end":{"line":7,"column":2}},"locations":[{"start":{"line":3,"column":18},"end":{"line":7,"column":2}}]},"1":{"type":"branch","line":4,"loc":{"start":{"line":4,"column":25},"end":{"line":4,"column":50}},"locations":[{"start":{"line":4,"column":25},"end":{"line":4,"column":50}}]},"2":{"type":"branch","line":4,"loc":{"start":{"line":4,"column":49},"end":{"line":5,"column":33}},"locations":[{"start":{"line":4,"column":49},"end":{"line":5,"column":33}}]},"3":{"type":"branch","line":5,"loc":{"start":{"line":5,"column":33},"end":{"line":5,"column":53}},"locations":[{"start":{"line":5,"column":33},"end":{"line":5,"column":53}}]},"4":{"type":"branch","line":5,"loc":{"start":{"line":5,"column":52},"end":{"line":7,"column":2}},"locations":[{"start":{"line":5,"column":52},"end":{"line":7,"column":2}}]},"5":{"type":"branch","line":9,"loc":{"start":{"line":9,"column":16},"end":{"line":21,"column":2}},"locations":[{"start":{"line":9,"column":16},"end":{"line":21,"column":2}}]},"6":{"type":"branch","line":12,"loc":{"start":{"line":12,"column":4},"end":{"line":13,"column":78}},"locations":[{"start":{"line":12,"column":4},"end":{"line":13,"column":78}}]},"7":{"type":"branch","line":14,"loc":{"start":{"line":14,"column":4},"end":{"line":15,"column":46}},"locations":[{"start":{"line":14,"column":4},"end":{"line":15,"column":46}}]},"8":{"type":"branch","line":16,"loc":{"start":{"line":16,"column":4},"end":{"line":17,"column":110}},"locations":[{"start":{"line":16,"column":4},"end":{"line":17,"column":110}}]},"9":{"type":"branch","line":18,"loc":{"start":{"line":18,"column":4},"end":{"line":19,"column":16}},"locations":[{"start":{"line":18,"column":4},"end":{"line":19,"column":16}}]},"10":{"type":"branch","line":23,"loc":{"start":{"line":23,"column":16},"end":{"line":29,"column":2}},"locations":[{"start":{"line":23,"column":16},"end":{"line":29,"column":2}}]},"11":{"type":"branch","line":24,"loc":{"start":{"line":24,"column":15},"end":{"line":27,"column":61}},"locations":[{"start":{"line":24,"column":15},"end":{"line":27,"column":61}}]},"12":{"type":"branch","line":24,"loc":{"start":{"line":24,"column":59},"end":{"line":27,"column":3}},"locations":[{"start":{"line":24,"column":59},"end":{"line":27,"column":3}}]},"13":{"type":"branch","line":25,"loc":{"start":{"line":25,"column":42},"end":{"line":25,"column":92}},"locations":[{"start":{"line":25,"column":42},"end":{"line":25,"column":92}}]},"14":{"type":"branch","line":25,"loc":{"start":{"line":25,"column":92},"end":{"line":25,"column":113}},"locations":[{"start":{"line":25,"column":92},"end":{"line":25,"column":113}}]},"15":{"type":"branch","line":27,"loc":{"start":{"line":27,"column":17},"end":{"line":27,"column":49}},"locations":[{"start":{"line":27,"column":17},"end":{"line":27,"column":49}}]}},"b":{"0":[13],"1":[3],"2":[10],"3":[7],"4":[3],"5":[14],"6":[5],"7":[2],"8":[4],"9":[3],"10":[1],"11":[5],"12":[18],"13":[4],"14":[14],"15":[18]},"fnMap":{"0":{"name":"isObject","decl":{"start":{"line":3,"column":18},"end":{"line":7,"column":2}},"loc":{"start":{"line":3,"column":18},"end":{"line":7,"column":2}},"line":3},"1":{"name":"makeStr","decl":{"start":{"line":9,"column":16},"end":{"line":21,"column":2}},"loc":{"start":{"line":9,"column":16},"end":{"line":21,"column":2}},"line":9},"2":{"name":"default","decl":{"start":{"line":23,"column":16},"end":{"line":29,"column":2}},"loc":{"start":{"line":23,"column":16},"end":{"line":29,"column":2}},"line":23},"3":{"name":"iter","decl":{"start":{"line":24,"column":15},"end":{"line":27,"column":61}},"loc":{"start":{"line":24,"column":15},"end":{"line":27,"column":61}},"line":24}},"f":{"0":13,"1":14,"2":1,"3":5}}
,"/mnt/d/Project/frontend-project-46/src/formatters/index.js": {"path":"/mnt/d/Project/frontend-project-46/src/formatters/index.js","all":false,"statementMap":{"0":{"start":{"line":1,"column":0},"end":{"line":1,"column":45}},"1":{"start":{"line":2,"column":0},"end":{"line":2,"column":51}},"2":{"start":{"line":3,"column":0},"end":{"line":3,"column":39}},"3":{"start":{"line":4,"column":0},"end":{"line":4,"column":0}},"4":{"start":{"line":5,"column":0},"end":{"line":5,"column":34}},"5":{"start":{"line":6,"column":0},"end":{"line":6,"column":19}},"6":{"start":{"line":7,"column":0},"end":{"line":7,"column":19}},"7":{"start":{"line":8,"column":0},"end":{"line":8,"column":32}},"8":{"start":{"line":9,"column":0},"end":{"line":9,"column":17}},"9":{"start":{"line":10,"column":0},"end":{"line":10,"column":35}},"10":{"start":{"line":11,"column":0},"end":{"line":11,"column":16}},"11":{"start":{"line":12,"column":0},"end":{"line":12,"column":29}},"12":{"start":{"line":13,"column":0},"end":{"line":13,"column":12}},"13":{"start":{"line":14,"column":0},"end":{"line":14,"column":18}},"14":{"start":{"line":15,"column":0},"end":{"line":15,"column":3}},"15":{"start":{"line":16,"column":0},"end":{"line":16,"column":2}}},"s":{"0":1,"1":1,"2":1,"3":1,"4":1,"5":3,"6":3,"7":1,"8":3,"9":1,"10":3,"11":1,"12":3,"13":0,"14":3,"15":3},"branchMap":{"0":{"type":"branch","line":5,"loc":{"start":{"line":5,"column":15},"end":{"line":16,"column":2}},"locations":[{"start":{"line":5,"column":15},"end":{"line":16,"column":2}}]},"1":{"type":"branch","line":7,"loc":{"start":{"line":7,"column":4},"end":{"line":8,"column":32}},"locations":[{"start":{"line":7,"column":4},"end":{"line":8,"column":32}}]},"2":{"type":"branch","line":9,"loc":{"start":{"line":9,"column":4},"end":{"line":10,"column":35}},"locations":[{"start":{"line":9,"column":4},"end":{"line":10,"column":35}}]},"3":{"type":"branch","line":11,"loc":{"start":{"line":11,"column":4},"end":{"line":12,"column":29}},"locations":[{"start":{"line":11,"column":4},"end":{"line":12,"column":29}}]},"4":{"type":"branch","line":13,"loc":{"start":{"line":13,"column":4},"end":{"line":14,"column":18}},"locations":[{"start":{"line":13,"column":4},"end":{"line":14,"column":18}}]}},"b":{"0":[3],"1":[1],"2":[1],"3":[1],"4":[0]},"fnMap":{"0":{"name":"default","decl":{"start":{"line":5,"column":15},"end":{"line":16,"column":2}},"loc":{"start":{"line":5,"column":15},"end":{"line":16,"column":2}},"line":5}},"f":{"0":3}}
,"/mnt/d/Project/frontend-project-46/src/formatters/jsonParse.js": {"path":"/mnt/d/Project/frontend-project-46/src/formatters/jsonParse.js","all":false,"statementMap":{"0":{"start":{"line":1,"column":0},"end":{"line":1,"column":46}}},"s":{"0":1},"branchMap":{"0":{"type":"branch","line":1,"loc":{"start":{"line":1,"column":16},"end":{"line":1,"column":45}},"locations":[{"start":{"line":1,"column":16},"end":{"line":1,"column":45}}]}},"b":{"0":[1]},"fnMap":{"0":{"name":"default","decl":{"start":{"line":1,"column":16},"end":{"line":1,"column":45}},"loc":{"start":{"line":1,"column":16},"end":{"line":1,"column":45}},"line":1}},"f":{"0":1}}
,"/mnt/d/Project/frontend-project-46/src/formatters/makeStr.js": {"path":"/mnt/d/Project/frontend-project-46/src/formatters/makeStr.js","all":false,"statementMap":{"0":{"start":{"line":1,"column":0},"end":{"line":1,"column":23}},"1":{"start":{"line":2,"column":0},"end":{"line":2,"column":0}},"2":{"start":{"line":3,"column":0},"end":{"line":3,"column":31}},"3":{"start":{"line":4,"column":0},"end":{"line":4,"column":35}},"4":{"start":{"line":5,"column":0},"end":{"line":5,"column":84}},"5":{"start":{"line":6,"column":0},"end":{"line":6,"column":40}},"6":{"start":{"line":7,"column":0},"end":{"line":7,"column":28}},"7":{"start":{"line":8,"column":0},"end":{"line":8,"column":43}},"8":{"start":{"line":9,"column":0},"end":{"line":9,"column":75}},"9":{"start":{"line":10,"column":0},"end":{"line":10,"column":5}},"10":{"start":{"line":11,"column":0},"end":{"line":11,"column":45}},"11":{"start":{"line":12,"column":0},"end":{"line":12,"column":10}},"12":{"start":{"line":13,"column":0},"end":{"line":13,"column":47}},"13":{"start":{"line":14,"column":0},"end":{"line":14,"column":65}},"14":{"start":{"line":15,"column":0},"end":{"line":15,"column":2}},"15":{"start":{"line":16,"column":0},"end":{"line":16,"column":0}},"16":{"start":{"line":17,"column":0},"end":{"line":17,"column":29}},"17":{"start":{"line":18,"column":0},"end":{"line":18,"column":20}},"18":{"start":{"line":19,"column":0},"end":{"line":19,"column":17}},"19":{"start":{"line":20,"column":0},"end":{"line":20,"column":54}},"20":{"start":{"line":21,"column":0},"end":{"line":21,"column":19}},"21":{"start":{"line":22,"column":0},"end":{"line":22,"column":54}},"22":{"start":{"line":23,"column":0},"end":{"line":23,"column":19}},"23":{"start":{"line":24,"column":0},"end":{"line":24,"column":124}},"24":{"start":{"line":25,"column":0},"end":{"line":25,"column":21}},"25":{"start":{"line":26,"column":0},"end":{"line":26,"column":54}},"26":{"start":{"line":27,"column":0},"end":{"line":27,"column":12}},"27":{"start":{"line":28,"column":0},"end":{"line":28,"column":16}},"28":{"start":{"line":29,"column":0},"end":{"line":29,"column":3}},"29":{"start":{"line":30,"column":0},"end":{"line":30,"column":2}}},"s":{"0":1,"1":1,"2":1,"3":18,"4":4,"5":9,"6":9,"7":3,"8":3,"9":3,"10":6,"11":4,"12":18,"13":18,"14":18,"15":1,"16":1,"17":14,"18":14,"19":5,"20":14,"21":2,"22":14,"23":4,"24":14,"25":3,"26":14,"27":0,"28":14,"29":14},"branchMap":{"0":{"type":"branch","line":3,"loc":{"start":{"line":3,"column":15},"end":{"line":15,"column":2}},"locations":[{"start":{"line":3,"column":15},"end":{"line":15,"column":2}}]},"1":{"type":"branch","line":4,"loc":{"start":{"line":4,"column":24},"end":{"line":4,"column":35}},"locations":[{"start":{"line":4,"column":24},"end":{"line":4,"column":35}}]},"2":{"type":"branch","line":4,"loc":{"start":{"line":4,"column":34},"end":{"line":13,"column":31}},"locations":[{"start":{"line":4,"column":34},"end":{"line":13,"column":31}}]},"3":{"type":"branch","line":13,"loc":{"start":{"line":13,"column":28},"end":{"line":13,"column":39}},"locations":[{"start":{"line":13,"column":28},"end":{"line":13,"column":39}}]},"4":{"type":"branch","line":13,"loc":{"start":{"line":13,"column":39},"end":{"line":13,"column":46}},"locations":[{"start":{"line":13,"column":39},"end":{"line":13,"column":46}}]},"5":{"type":"branch","line":5,"loc":{"start":{"line":5,"column":15},"end":{"line":12,"column":9}},"locations":[{"start":{"line":5,"column":15},"end":{"line":12,"column":9}}]},"6":{"type":"branch","line":5,"loc":{"start":{"line":5,"column":60},"end":{"line":12,"column":3}},"locations":[{"start":{"line":5,"column":60},"end":{"line":12,"column":3}}]},"7":{"type":"branch","line":7,"loc":{"start":{"line":7,"column":27},"end":{"line":10,"column":5}},"locations":[{"start":{"line":7,"column":27},"end":{"line":10,"column":5}}]},"8":{"type":"branch","line":10,"loc":{"start":{"line":10,"column":4},"end":{"line":12,"column":3}},"locations":[{"start":{"line":10,"column":4},"end":{"line":12,"column":3}}]},"9":{"type":"branch","line":17,"loc":{"start":{"line":17,"column":15},"end":{"line":30,"column":2}},"locations":[{"start":{"line":17,"column":15},"end":{"line":30,"column":2}}]},"10":{"type":"branch","line":19,"loc":{"start":{"line":19,"column":4},"end":{"line":20,"column":54}},"locations":[{"start":{"line":19,"column":4},"end":{"line":20,"column":54}}]},"11":{"type":"branch","line":21,"loc":{"start":{"line":21,"column":4},"end":{"line":22,"column":54}},"locations":[{"start":{"line":21,"column":4},"end":{"line":22,"column":54}}]},"12":{"type":"branch","line":23,"loc":{"start":{"line":23,"column":4},"end":{"line":24,"column":124}},"locations":[{"start":{"line":23,"column":4},"end":{"line":24,"column":124}}]},"13":{"type":"branch","line":25,"loc":{"start":{"line":25,"column":4},"end":{"line":26,"column":54}},"locations":[{"start":{"line":25,"column":4},"end":{"line":26,"column":54}}]},"14":{"type":"branch","line":27,"loc":{"start":{"line":27,"column":4},"end":{"line":28,"column":16}},"locations":[{"start":{"line":27,"column":4},"end":{"line":28,"column":16}}]}},"b":{"0":[18],"1":[14],"2":[4],"3":[2],"4":[2],"5":[7],"6":[9],"7":[3],"8":[6],"9":[14],"10":[5],"11":[2],"12":[4],"13":[3],"14":[0]},"fnMap":{"0":{"name":"render","decl":{"start":{"line":3,"column":15},"end":{"line":15,"column":2}},"loc":{"start":{"line":3,"column":15},"end":{"line":15,"column":2}},"line":3},"1":{"name":"iter","decl":{"start":{"line":5,"column":15},"end":{"line":12,"column":9}},"loc":{"start":{"line":5,"column":15},"end":{"line":12,"column":9}},"line":5},"2":{"name":"default","decl":{"start":{"line":17,"column":15},"end":{"line":30,"column":2}},"loc":{"start":{"line":17,"column":15},"end":{"line":30,"column":2}},"line":17}},"f":{"0":18,"1":7,"2":14}}
,"/mnt/d/Project/frontend-project-46/src/formatters/stylishParse.js": {"path":"/mnt/d/Project/frontend-project-46/src/formatters/stylishParse.js","all":false,"statementMap":{"0":{"start":{"line":1,"column":0},"end":{"line":1,"column":35}},"1":{"start":{"line":2,"column":0},"end":{"line":2,"column":0}},"2":{"start":{"line":3,"column":0},"end":{"line":3,"column":26}},"3":{"start":{"line":4,"column":0},"end":{"line":4,"column":71}},"4":{"start":{"line":5,"column":0},"end":{"line":5,"column":34}},"5":{"start":{"line":6,"column":0},"end":{"line":6,"column":136}},"6":{"start":{"line":7,"column":0},"end":{"line":7,"column":41}},"7":{"start":{"line":8,"column":0},"end":{"line":8,"column":10}},"8":{"start":{"line":9,"column":0},"end":{"line":9,"column":31}},"9":{"start":{"line":10,"column":0},"end":{"line":10,"column":2}}},"s":{"0":1,"1":1,"2":1,"3":1,"4":18,"5":18,"6":18,"7":1,"8":1,"9":1},"branchMap":{"0":{"type":"branch","line":3,"loc":{"start":{"line":3,"column":16},"end":{"line":10,"column":2}},"locations":[{"start":{"line":3,"column":16},"end":{"line":10,"column":2}}]},"1":{"type":"branch","line":4,"loc":{"start":{"line":4,"column":15},"end":{"line":8,"column":9}},"locations":[{"start":{"line":4,"column":15},"end":{"line":8,"column":9}}]},"2":{"type":"branch","line":4,"loc":{"start":{"line":4,"column":57},"end":{"line":8,"column":3}},"locations":[{"start":{"line":4,"column":57},"end":{"line":8,"column":3}}]},"3":{"type":"branch","line":6,"loc":{"start":{"line":6,"column":42},"end":{"line":6,"column":116}},"locations":[{"start":{"line":6,"column":42},"end":{"line":6,"column":116}}]},"4":{"type":"branch","line":6,"loc":{"start":{"line":6,"column":116},"end":{"line":6,"column":135}},"locations":[{"start":{"line":6,"column":116},"end":{"line":6,"column":135}}]}},"b":{"0":[1],"1":[5],"2":[18],"3":[4],"4":[14]},"fnMap":{"0":{"name":"default","decl":{"start":{"line":3,"column":16},"end":{"line":10,"column":2}},"loc":{"start":{"line":3,"column":16},"end":{"line":10,"column":2}},"line":3},"1":{"name":"iter","decl":{"start":{"line":4,"column":15},"end":{"line":8,"column":9}},"loc":{"start":{"line":4,"column":15},"end":{"line":8,"column":9}},"line":4}},"f":{"0":1,"1":5}}
}
