TN:
SF:src/baildTree.js
FN:3,baildTree
FNF:1
FNH:1
FNDA:15,baildTree
DA:1,1
DA:2,1
DA:3,1
DA:4,15
DA:5,15
DA:6,15
DA:7,54
DA:8,12
DA:9,12
DA:10,54
DA:11,15
DA:12,15
DA:13,54
DA:14,6
DA:15,6
DA:16,21
DA:17,54
DA:18,12
DA:19,12
DA:20,12
DA:21,12
DA:22,12
DA:23,12
DA:24,12
DA:25,9
DA:26,15
DA:27,15
DA:28,15
DA:29,1
DA:30,1
LF:30
LH:30
BRDA:3,0,0,15
BRDA:6,1,0,54
BRDA:7,2,0,18
BRDA:7,3,0,12
BRDA:9,4,0,42
BRDA:10,5,0,15
BRDA:12,6,0,27
BRDA:13,7,0,6
BRDA:15,8,0,21
BRDA:17,9,0,12
BRDA:24,10,0,9
BRF:11
BRH:11
end_of_record
TN:
SF:src/index.js
FN:6,default
FNF:1
FNH:1
FNDA:3,default
DA:1,1
DA:2,1
DA:3,1
DA:4,1
DA:5,1
DA:6,1
DA:7,3
DA:8,3
DA:9,3
DA:10,3
DA:11,3
DA:12,3
DA:13,3
DA:14,3
DA:15,3
LF:15
LH:15
BRDA:6,0,0,3
BRF:1
BRH:1
end_of_record
TN:
SF:src/parser.js
FN:4,default
FNF:1
FNH:1
FNDA:6,default
DA:1,1
DA:2,1
DA:3,1
DA:4,1
DA:5,6
DA:6,6
DA:7,6
DA:8,6
DA:9,6
DA:10,0
DA:11,6
DA:12,0
DA:13,6
DA:14,0
DA:15,6
DA:16,6
LF:16
LH:13
BRDA:4,0,0,6
BRDA:9,1,0,0
BRDA:11,2,0,0
BRDA:13,3,0,0
BRF:4
BRH:1
end_of_record
TN:
SF:src/formatters/flatFormatParse.js
FN:3,isObject
FN:9,makeStr
FN:23,default
FN:24,iter
FNF:4
FNH:4
FNDA:13,isObject
FNDA:14,makeStr
FNDA:1,default
FNDA:5,iter
DA:1,1
DA:2,1
DA:3,1
DA:4,13
DA:5,13
DA:6,3
DA:7,3
DA:8,1
DA:9,1
DA:10,14
DA:11,14
DA:12,14
DA:13,5
DA:14,14
DA:15,2
DA:16,14
DA:17,4
DA:18,14
DA:19,3
DA:20,14
DA:21,14
DA:22,1
DA:23,1
DA:24,1
DA:25,18
DA:26,18
DA:27,1
DA:28,1
DA:29,1
LF:29
LH:29
BRDA:3,0,0,13
BRDA:4,1,0,3
BRDA:4,2,0,10
BRDA:5,3,0,7
BRDA:5,4,0,3
BRDA:9,5,0,14
BRDA:12,6,0,5
BRDA:14,7,0,2
BRDA:16,8,0,4
BRDA:18,9,0,3
BRDA:23,10,0,1
BRDA:24,11,0,5
BRDA:24,12,0,18
BRDA:25,13,0,4
BRDA:25,14,0,14
BRDA:27,15,0,18
BRF:16
BRH:16
end_of_record
TN:
SF:src/formatters/index.js
FN:5,default
FNF:1
FNH:1
FNDA:3,default
DA:1,1
DA:2,1
DA:3,1
DA:4,1
DA:5,1
DA:6,3
DA:7,3
DA:8,1
DA:9,3
DA:10,1
DA:11,3
DA:12,1
DA:13,3
DA:14,0
DA:15,3
DA:16,3
LF:16
LH:15
BRDA:5,0,0,3
BRDA:7,1,0,1
BRDA:9,2,0,1
BRDA:11,3,0,1
BRDA:13,4,0,0
BRF:5
BRH:4
end_of_record
TN:
SF:src/formatters/jsonParse.js
FN:1,default
FNF:1
FNH:1
FNDA:1,default
DA:1,1
LF:1
LH:1
BRDA:1,0,0,1
BRF:1
BRH:1
end_of_record
TN:
SF:src/formatters/makeStr.js
FN:3,render
FN:5,iter
FN:17,default
FNF:3
FNH:3
FNDA:18,render
FNDA:7,iter
FNDA:14,default
DA:1,1
DA:2,1
DA:3,1
DA:4,18
DA:5,4
DA:6,9
DA:7,9
DA:8,3
DA:9,3
DA:10,3
DA:11,6
DA:12,4
DA:13,18
DA:14,18
DA:15,18
DA:16,1
DA:17,1
DA:18,14
DA:19,14
DA:20,5
DA:21,14
DA:22,2
DA:23,14
DA:24,4
DA:25,14
DA:26,3
DA:27,14
DA:28,0
DA:29,14
DA:30,14
LF:30
LH:29
BRDA:3,0,0,18
BRDA:4,1,0,14
BRDA:4,2,0,4
BRDA:13,3,0,2
BRDA:13,4,0,2
BRDA:5,5,0,7
BRDA:5,6,0,9
BRDA:7,7,0,3
BRDA:10,8,0,6
BRDA:17,9,0,14
BRDA:19,10,0,5
BRDA:21,11,0,2
BRDA:23,12,0,4
BRDA:25,13,0,3
BRDA:27,14,0,0
BRF:15
BRH:14
end_of_record
TN:
SF:src/formatters/stylishParse.js
FN:3,default
FN:4,iter
FNF:2
FNH:2
FNDA:1,default
FNDA:5,iter
DA:1,1
DA:2,1
DA:3,1
DA:4,1
DA:5,18
DA:6,18
DA:7,18
DA:8,1
DA:9,1
DA:10,1
LF:10
LH:10
BRDA:3,0,0,1
BRDA:4,1,0,5
BRDA:4,2,0,18
BRDA:6,3,0,4
BRDA:6,4,0,14
BRF:5
BRH:5
end_of_record
